[huiminpay-merchant-service][${env:SERVER_PORT}] 2023-11-24 19:38:51,940 ERROR
            [com.alibaba.nacos.naming.push.receiver][PushReceiver.java:104] - [NA] error while receiving push data
java.lang.NullPointerException
	at java.util.concurrent.ConcurrentHashMap.get(ConcurrentHashMap.java:936)
	at com.alibaba.nacos.client.naming.core.HostReactor.processServiceJSON(HostReactor.java:102)
	at com.alibaba.nacos.client.naming.core.PushReceiver.run(PushReceiver.java:81)
	at java.util.concurrent.Executors$RunnableAdapter.call(Executors.java:511)
	at java.util.concurrent.FutureTask.run(FutureTask.java:266)
	at java.util.concurrent.ScheduledThreadPoolExecutor$ScheduledFutureTask.access$201(ScheduledThreadPoolExecutor.java:180)
	at java.util.concurrent.ScheduledThreadPoolExecutor$ScheduledFutureTask.run(ScheduledThreadPoolExecutor.java:293)
	at java.util.concurrent.ThreadPoolExecutor.runWorker(ThreadPoolExecutor.java:1142)
	at java.util.concurrent.ThreadPoolExecutor$Worker.run(ThreadPoolExecutor.java:617)
	at java.lang.Thread.run(Thread.java:748)
[huiminpay-merchant-service][${env:SERVER_PORT}] 2023-11-24 19:38:53,653 ERROR
            [com.alibaba.nacos.client.naming.updater][NamingProxy.java:454] - request 127.0.0.1:8848 failed.
ErrCode:500, ErrMsg:failed to req API:127.0.0.1:8848/nacos/v1/ns/instance/list. code:404 msg: service not found: DEFAULT_GROUP@@uaa-service
	at com.alibaba.nacos.client.naming.net.NamingProxy.callServer(NamingProxy.java:424)
	at com.alibaba.nacos.client.naming.net.NamingProxy.reqAPI(NamingProxy.java:451)
	at com.alibaba.nacos.client.naming.net.NamingProxy.reqAPI(NamingProxy.java:386)
	at com.alibaba.nacos.client.naming.net.NamingProxy.queryList(NamingProxy.java:297)
	at com.alibaba.nacos.client.naming.core.HostReactor.refreshOnly(HostReactor.java:287)
	at com.alibaba.nacos.client.naming.core.HostReactor$UpdateTask.run(HostReactor.java:320)
	at java.util.concurrent.Executors$RunnableAdapter.call(Executors.java:511)
	at java.util.concurrent.FutureTask.run(FutureTask.java:266)
	at java.util.concurrent.ScheduledThreadPoolExecutor$ScheduledFutureTask.access$201(ScheduledThreadPoolExecutor.java:180)
	at java.util.concurrent.ScheduledThreadPoolExecutor$ScheduledFutureTask.run(ScheduledThreadPoolExecutor.java:293)
	at java.util.concurrent.ThreadPoolExecutor.runWorker(ThreadPoolExecutor.java:1142)
	at java.util.concurrent.ThreadPoolExecutor$Worker.run(ThreadPoolExecutor.java:617)
	at java.lang.Thread.run(Thread.java:748)
[huiminpay-merchant-service][${env:SERVER_PORT}] 2023-11-24 19:38:53,654 ERROR
            [com.alibaba.nacos.client.naming.updater][HostReactor.java:289] - [NA] failed to update serviceName: DEFAULT_GROUP@@uaa-service
java.lang.IllegalStateException: failed to req API:/nacos/v1/ns/instance/list after all servers([127.0.0.1:8848]) tried: failed to req API:127.0.0.1:8848/nacos/v1/ns/instance/list. code:404 msg: service not found: DEFAULT_GROUP@@uaa-service
	at com.alibaba.nacos.client.naming.net.NamingProxy.reqAPI(NamingProxy.java:464)
	at com.alibaba.nacos.client.naming.net.NamingProxy.reqAPI(NamingProxy.java:386)
	at com.alibaba.nacos.client.naming.net.NamingProxy.queryList(NamingProxy.java:297)
	at com.alibaba.nacos.client.naming.core.HostReactor.refreshOnly(HostReactor.java:287)
	at com.alibaba.nacos.client.naming.core.HostReactor$UpdateTask.run(HostReactor.java:320)
	at java.util.concurrent.Executors$RunnableAdapter.call(Executors.java:511)
	at java.util.concurrent.FutureTask.run(FutureTask.java:266)
	at java.util.concurrent.ScheduledThreadPoolExecutor$ScheduledFutureTask.access$201(ScheduledThreadPoolExecutor.java:180)
	at java.util.concurrent.ScheduledThreadPoolExecutor$ScheduledFutureTask.run(ScheduledThreadPoolExecutor.java:293)
	at java.util.concurrent.ThreadPoolExecutor.runWorker(ThreadPoolExecutor.java:1142)
	at java.util.concurrent.ThreadPoolExecutor$Worker.run(ThreadPoolExecutor.java:617)
	at java.lang.Thread.run(Thread.java:748)
[huiminpay-merchant-service][${env:SERVER_PORT}] 2023-11-24 19:39:01,941 ERROR
            [com.alibaba.nacos.naming.push.receiver][PushReceiver.java:104] - [NA] error while receiving push data
java.lang.NullPointerException
	at java.util.concurrent.ConcurrentHashMap.get(ConcurrentHashMap.java:936)
	at com.alibaba.nacos.client.naming.core.HostReactor.processServiceJSON(HostReactor.java:102)
	at com.alibaba.nacos.client.naming.core.PushReceiver.run(PushReceiver.java:81)
	at java.util.concurrent.Executors$RunnableAdapter.call(Executors.java:511)
	at java.util.concurrent.FutureTask.run(FutureTask.java:266)
	at java.util.concurrent.ScheduledThreadPoolExecutor$ScheduledFutureTask.access$201(ScheduledThreadPoolExecutor.java:180)
	at java.util.concurrent.ScheduledThreadPoolExecutor$ScheduledFutureTask.run(ScheduledThreadPoolExecutor.java:293)
	at java.util.concurrent.ThreadPoolExecutor.runWorker(ThreadPoolExecutor.java:1142)
	at java.util.concurrent.ThreadPoolExecutor$Worker.run(ThreadPoolExecutor.java:617)
	at java.lang.Thread.run(Thread.java:748)
