[${project.name}][${env:SERVER_PORT}] 2023-11-26 09:03:59,293 INFO [main][PostProcessorRegistrationDelegate.java:330] - Bean 'org.springframework.cloud.autoconfigure.ConfigurationPropertiesRebinderAutoConfiguration' of type [org.springframework.cloud.autoconfigure.ConfigurationPropertiesRebinderAutoConfiguration$$EnhancerBySpringCGLIB$$6cf6c8e7] is not eligible for getting processed by all BeanPostProcessors (for example: not eligible for auto-proxying)
[${project.name}][${env:SERVER_PORT}] 2023-11-26 09:04:01,444 INFO [main][NacosPropertySourceBuilder.java:87] - Loading nacos data, dataId: 'jwt.yaml', group: 'COMMON_GROUP'
[${project.name}][${env:SERVER_PORT}] 2023-11-26 09:04:01,448 INFO [main][NacosPropertySourceBuilder.java:87] - Loading nacos data, dataId: 'gateway-service.yaml', group: 'HUIMINPAY_GROUP'
[${project.name}][${env:SERVER_PORT}] 2023-11-26 09:04:01,452 INFO [main][PropertySourceBootstrapConfiguration.java:98] - Located property source: CompositePropertySource {name='NACOS', propertySources=[NacosPropertySource@421191743 {name='gateway-service.yaml', properties={zuul.ignoredServices=*, feign.compression.request.min-request-size=2048, zuul.sensitiveHeaders=*, feign.compression.response.enabled=true, feign.compression.request.mime-types[1]=application/xml, zuul.routes.uaa-service.stripPrefix=false, zuul.routes.operation-application.stripPrefix=false, zuul.retryable=true, ribbon.ReadTimeout=20000, zuul.routes.operation-application.path=/operation/**, zuul.routes.merchant-application.stripPrefix=false, ribbon.MaxAutoRetriesNextServer=1, hystrix.command.default.execution.isolation.thread.timeoutInMilliseconds=93000, ribbon.MaxAutoRetries=1, zuul.routes.uaa-service.path=/uaa/**, feign.compression.request.enabled=true, ribbon.ConnectTimeout=3000, zuul.routes.merchant-application.path=/merchant/**, zuul.add-host-header=true, hystrix.command.default.execution.timeout.enabled=true, ribbon.OkToRetryOnAllOperations=false, feign.hystrix.enabled=true, feign.compression.request.mime-types[2]=application/json, ribbon.nacos.enabled=true, feign.compression.request.mime-types[0]=text/xml}}, NacosPropertySource@9844218 {name='jwt.yaml', properties={siging‐key=huimin123}}]}
[${project.name}][${env:SERVER_PORT}] 2023-11-26 09:04:01,470 INFO [main][SpringApplication.java:675] - No active profile set, falling back to default profiles: default
[${project.name}][${env:SERVER_PORT}] 2023-11-26 09:04:01,890 WARN [main][EndpointId.java:135] - Endpoint ID 'nacos-config' contains invalid characters, please migrate to a valid format.
[${project.name}][${env:SERVER_PORT}] 2023-11-26 09:04:01,892 WARN [main][EndpointId.java:135] - Endpoint ID 'nacos-discovery' contains invalid characters, please migrate to a valid format.
[${project.name}][${env:SERVER_PORT}] 2023-11-26 09:04:02,010 WARN [main][EndpointId.java:135] - Endpoint ID 'service-registry' contains invalid characters, please migrate to a valid format.
[${project.name}][${env:SERVER_PORT}] 2023-11-26 09:04:02,015 WARN [main][EndpointId.java:135] - Endpoint ID 'hystrix.stream' contains invalid characters, please migrate to a valid format.
[${project.name}][${env:SERVER_PORT}] 2023-11-26 09:04:02,137 INFO [main][GenericScope.java:294] - BeanFactory id=e66f40fe-38e8-356a-8a06-8dbfd7661859
[${project.name}][${env:SERVER_PORT}] 2023-11-26 09:04:02,256 INFO [main][PostProcessorRegistrationDelegate.java:330] - Bean 'org.springframework.cloud.autoconfigure.ConfigurationPropertiesRebinderAutoConfiguration' of type [org.springframework.cloud.autoconfigure.ConfigurationPropertiesRebinderAutoConfiguration$$EnhancerBySpringCGLIB$$6cf6c8e7] is not eligible for getting processed by all BeanPostProcessors (for example: not eligible for auto-proxying)
[${project.name}][${env:SERVER_PORT}] 2023-11-26 09:04:02,500 INFO [main][TomcatWebServer.java:90] - Tomcat initialized with port(s): 56010 (http)
[${project.name}][${env:SERVER_PORT}] 2023-11-26 09:04:02,509 INFO [main][DirectJDKLog.java:173] - Initializing ProtocolHandler ["http-nio-56010"]
[${project.name}][${env:SERVER_PORT}] 2023-11-26 09:04:02,514 INFO [main][DirectJDKLog.java:173] - Starting service [Tomcat]
[${project.name}][${env:SERVER_PORT}] 2023-11-26 09:04:02,514 INFO [main][DirectJDKLog.java:173] - Starting Servlet engine: [Apache Tomcat/9.0.16]
[${project.name}][${env:SERVER_PORT}] 2023-11-26 09:04:02,519 INFO [main][DirectJDKLog.java:173] - The APR based Apache Tomcat Native library which allows optimal performance in production environments was not found on the java.library.path: [D:\DevelopTools\Java\jdk1.8.0_131\bin;C:\Windows\Sun\Java\bin;C:\Windows\system32;C:\Windows;D:\DevelopTools\Java\jdk1.8.0_131\bin;C:\Program Files\Common Files\Oracle\Java\javapath;D:\DevelopTools\oraclexe\app\oracle\product\10.2.0\server\bin;C:\ProgramData\Oracle\Java\javapath;C:\Windows\system32;C:\Windows;C:\Windows\System32\Wbem;C:\Windows\System32\WindowsPowerShell\v1.0\;C:\Windows\System32\OpenSSH\;C:\Program Files (x86)\NVIDIA Corporation\PhysX\Common;C:\Program Files\NVIDIA Corporation\NVIDIA NvDLISR;D:\CommonlyUsedSoftware\Bandizip\;D:\DevelopTools\apache-maven-3.6.0;D:\DevelopTools\apache-maven-3.6.0\bin;D:\DevelopTools\Git\cmd;C:\Program Files\Microsoft SQL Server\150\Tools\Binn\;;D:\DevelopTools\nodejs\;D:\DevelopTools\Tencent\微信web开发者工具\dll;C:\Program Files (x86)\Tencent\微信web开发者工具\dll;C:\Program Files\Docker\Docker\resources\bin;C:\Users\a1833\AppData\Local\Microsoft\WindowsApps;D:\DevelopTools\MySQL\MySQL Server 8.0\bin;%M2_HOME%\bin;D:\DevelopTools\Microsoft VS Code\Microsoft VS Code\bin;D:\DevelopTools\IntelliJ IDEA 2022.3.3\bin;;C:\Users\a1833\AppData\Roaming\npm;.]
[${project.name}][${env:SERVER_PORT}] 2023-11-26 09:04:02,638 INFO [main][DirectJDKLog.java:173] - Initializing Spring embedded WebApplicationContext
[${project.name}][${env:SERVER_PORT}] 2023-11-26 09:04:02,639 INFO [main][ServletWebServerApplicationContext.java:296] - Root WebApplicationContext: initialization completed in 1161 ms
[${project.name}][${env:SERVER_PORT}] 2023-11-26 09:04:02,712 WARN [main][URLConfigurationSource.java:121] - No URLs will be polled as dynamic configuration sources.
[${project.name}][${env:SERVER_PORT}] 2023-11-26 09:04:02,713 INFO [main][URLConfigurationSource.java:122] - To enable URLs as dynamic configuration sources, define System property archaius.configurationSource.additionalUrls or make config.properties available on classpath.
[${project.name}][${env:SERVER_PORT}] 2023-11-26 09:04:02,716 DEBUG [main][HystrixPlugins.java:386] - Created HystrixDynamicProperties. Using class : com.netflix.hystrix.strategy.properties.archaius.HystrixDynamicPropertiesArchaius
[${project.name}][${env:SERVER_PORT}] 2023-11-26 09:04:02,722 INFO [main][DynamicPropertyFactory.java:281] - DynamicPropertyFactory is initialized with configuration sources: com.netflix.config.ConcurrentCompositeConfiguration@373e6b9d
[${project.name}][${env:SERVER_PORT}] 2023-11-26 09:04:04,792 INFO [main][InetUtils.java:170] - Cannot determine local hostname
[${project.name}][${env:SERVER_PORT}] 2023-11-26 09:04:05,902 WARN [ThreadPoolTaskScheduler-1][DubboServiceMetadataRepository.java:216] - Current application will subscribe all services(size:6) in registry, a lot of memory and CPU cycles may be used, thus it's strongly recommend you using the externalized property 'dubbo.cloud.subscribed-services' to specify the services
[${project.name}][${env:SERVER_PORT}] 2023-11-26 09:04:06,789 INFO [main][InetUtils.java:170] - Cannot determine local hostname
[${project.name}][${env:SERVER_PORT}] 2023-11-26 09:04:07,158 WARN [main][JwtAccessTokenConverter.java:302] - Unable to create an RSA verifier from verifierKey (ignoreable if using MAC)
[${project.name}][${env:SERVER_PORT}] 2023-11-26 09:04:07,191 WARN [main][URLConfigurationSource.java:121] - No URLs will be polled as dynamic configuration sources.
[${project.name}][${env:SERVER_PORT}] 2023-11-26 09:04:07,192 INFO [main][URLConfigurationSource.java:122] - To enable URLs as dynamic configuration sources, define System property archaius.configurationSource.additionalUrls or make config.properties available on classpath.
[${project.name}][${env:SERVER_PORT}] 2023-11-26 09:04:07,205 DEBUG [main][TraversableResolvers.java:60] - Cannot find javax.persistence.Persistence on classpath. Assuming non JPA 2 environment. All properties will per default be traversable.
[${project.name}][${env:SERVER_PORT}] 2023-11-26 09:04:07,207 DEBUG [main][ResourceBundleMessageInterpolator.java:89] - Loaded expression factory via original TCCL
[${project.name}][${env:SERVER_PORT}] 2023-11-26 09:04:07,209 DEBUG [main][TraversableResolvers.java:60] - Cannot find javax.persistence.Persistence on classpath. Assuming non JPA 2 environment. All properties will per default be traversable.
[${project.name}][${env:SERVER_PORT}] 2023-11-26 09:04:07,209 DEBUG [main][ConfigurationImpl.java:148] - Setting custom MessageInterpolator of type org.springframework.validation.beanvalidation.LocaleContextMessageInterpolator
[${project.name}][${env:SERVER_PORT}] 2023-11-26 09:04:07,210 DEBUG [main][ConfigurationImpl.java:180] - Setting custom ConstraintValidatorFactory of type org.springframework.validation.beanvalidation.SpringConstraintValidatorFactory
[${project.name}][${env:SERVER_PORT}] 2023-11-26 09:04:07,210 DEBUG [main][ConfigurationImpl.java:194] - Setting custom ParameterNameProvider of type org.springframework.validation.beanvalidation.LocalValidatorFactoryBean$1
[${project.name}][${env:SERVER_PORT}] 2023-11-26 09:04:07,211 DEBUG [main][ValidationXmlParser.java:120] - Trying to load META-INF/validation.xml for XML based Validator configuration.
[${project.name}][${env:SERVER_PORT}] 2023-11-26 09:04:07,211 DEBUG [main][ResourceLoaderHelper.java:53] - Trying to load META-INF/validation.xml via user class loader
[${project.name}][${env:SERVER_PORT}] 2023-11-26 09:04:07,211 DEBUG [main][ResourceLoaderHelper.java:60] - Trying to load META-INF/validation.xml via TCCL
[${project.name}][${env:SERVER_PORT}] 2023-11-26 09:04:07,211 DEBUG [main][ResourceLoaderHelper.java:66] - Trying to load META-INF/validation.xml via Hibernate Validator's class loader
[${project.name}][${env:SERVER_PORT}] 2023-11-26 09:04:07,211 DEBUG [main][ValidationXmlParser.java:127] - No META-INF/validation.xml found. Using annotation based configuration only.
[${project.name}][${env:SERVER_PORT}] 2023-11-26 09:04:07,214 DEBUG [main][ValidatorFactoryImpl.java:578] - HV000234: Using org.springframework.validation.beanvalidation.LocaleContextMessageInterpolator as ValidatorFactory-scoped message interpolator.
[${project.name}][${env:SERVER_PORT}] 2023-11-26 09:04:07,214 DEBUG [main][ValidatorFactoryImpl.java:579] - HV000234: Using org.hibernate.validator.internal.engine.resolver.TraverseAllTraversableResolver as ValidatorFactory-scoped traversable resolver.
[${project.name}][${env:SERVER_PORT}] 2023-11-26 09:04:07,214 DEBUG [main][ValidatorFactoryImpl.java:580] - HV000234: Using org.hibernate.validator.internal.util.ExecutableParameterNameProvider as ValidatorFactory-scoped parameter name provider.
[${project.name}][${env:SERVER_PORT}] 2023-11-26 09:04:07,214 DEBUG [main][ValidatorFactoryImpl.java:581] - HV000234: Using org.hibernate.validator.internal.engine.DefaultClockProvider as ValidatorFactory-scoped clock provider.
[${project.name}][${env:SERVER_PORT}] 2023-11-26 09:04:07,214 DEBUG [main][ValidatorFactoryImpl.java:582] - HV000234: Using org.hibernate.validator.internal.engine.scripting.DefaultScriptEvaluatorFactory as ValidatorFactory-scoped script evaluator factory.
[${project.name}][${env:SERVER_PORT}] 2023-11-26 09:04:07,297 INFO [main][ExecutorConfigurationSupport.java:171] - Initializing ExecutorService 'applicationTaskExecutor'
[${project.name}][${env:SERVER_PORT}] 2023-11-26 09:04:07,363 INFO [main][ExecutorConfigurationSupport.java:171] - Initializing ExecutorService
[${project.name}][${env:SERVER_PORT}] 2023-11-26 09:04:07,509 INFO [main][UserDetailsServiceAutoConfiguration.java:86] - 

Using generated security password: f10fc95d-c9bf-4a96-b9bd-85eefe70e289

[${project.name}][${env:SERVER_PORT}] 2023-11-26 09:04:07,577 INFO [main][DefaultSecurityFilterChain.java:43] - Creating filter chain: any request, [org.springframework.security.web.context.request.async.WebAsyncManagerIntegrationFilter@5599b5bb, org.springframework.security.web.context.SecurityContextPersistenceFilter@4c5406b, org.springframework.security.web.header.HeaderWriterFilter@464aeb09, org.springframework.security.web.authentication.logout.LogoutFilter@45b7c97f, org.springframework.security.oauth2.provider.authentication.OAuth2AuthenticationProcessingFilter@799c8758, org.springframework.security.web.savedrequest.RequestCacheAwareFilter@3bd08435, org.springframework.security.web.servletapi.SecurityContextHolderAwareRequestFilter@1e120628, org.springframework.security.web.authentication.AnonymousAuthenticationFilter@4ff66917, org.springframework.security.web.session.SessionManagementFilter@b7d2d51, org.springframework.security.web.access.ExceptionTranslationFilter@314b7945, org.springframework.security.web.access.intercept.FilterSecurityInterceptor@4fbaa7f5]
[${project.name}][${env:SERVER_PORT}] 2023-11-26 09:04:07,581 INFO [main][DefaultSecurityFilterChain.java:43] - Creating filter chain: any request, [org.springframework.security.web.context.request.async.WebAsyncManagerIntegrationFilter@7196a8f1, org.springframework.security.web.context.SecurityContextPersistenceFilter@4d43a1b7, org.springframework.security.web.header.HeaderWriterFilter@1d1bf7bf, org.springframework.security.web.authentication.logout.LogoutFilter@1a785fd5, org.springframework.security.web.savedrequest.RequestCacheAwareFilter@5b14f482, org.springframework.security.web.servletapi.SecurityContextHolderAwareRequestFilter@19705650, org.springframework.security.web.authentication.AnonymousAuthenticationFilter@6a6da47a, org.springframework.security.web.session.SessionManagementFilter@1182413a, org.springframework.security.web.access.ExceptionTranslationFilter@7ead1d80, org.springframework.security.web.access.intercept.FilterSecurityInterceptor@ad0bb4e]
[${project.name}][${env:SERVER_PORT}] 2023-11-26 09:04:07,630 INFO [main][EndpointLinksResolver.java:59] - Exposing 2 endpoint(s) beneath base path '/actuator'
[${project.name}][${env:SERVER_PORT}] 2023-11-26 09:04:08,341 INFO [main][ZuulFilterInitializer.java:65] - Starting filter initializer
[${project.name}][${env:SERVER_PORT}] 2023-11-26 09:04:08,450 INFO [main][DirectJDKLog.java:173] - Starting ProtocolHandler ["http-nio-56010"]
[${project.name}][${env:SERVER_PORT}] 2023-11-26 09:04:08,464 INFO [main][TomcatWebServer.java:204] - Tomcat started on port(s): 56010 (http) with context path ''
[${project.name}][${env:SERVER_PORT}] 2023-11-26 09:04:08,471 INFO [main][NacosServiceRegistry.java:62] - nacos registry, gateway-service 192.168.226.1:56010 register finished
[${project.name}][${env:SERVER_PORT}] 2023-11-26 09:04:08,475 INFO [main][StartupInfoLogger.java:59] - Started GatewayBootstrap in 11.451 seconds (JVM running for 12.957)
[${project.name}][${env:SERVER_PORT}] 2023-11-26 09:04:09,474 INFO [com.alibaba.nacos.naming.client.listener][DubboServiceDiscoveryAutoConfiguration.java:157] - The event of the service instances[name : gateway-service , size : 1] change is about to be dispatched
[${project.name}][${env:SERVER_PORT}] 2023-11-26 09:04:09,475 INFO [com.alibaba.nacos.naming.client.listener][AbstractSpringCloudRegistry.java:213] - The Dubbo Service URL[ID : provider://192.168.70.136:20880/com.huiminpay.user.api.AuthorizationService] is being subscribed for service[name : gateway-service]
[${project.name}][${env:SERVER_PORT}] 2023-11-26 09:04:09,475 INFO [com.alibaba.nacos.naming.client.listener][AbstractSpringCloudRegistry.java:223] - The metadata of Dubbo service[key : com.huiminpay.user.api.AuthorizationService] can't be found when the subscribed service[name : gateway-service], and then try to initialize it
[${project.name}][${env:SERVER_PORT}] 2023-11-26 09:04:09,475 WARN [com.alibaba.nacos.naming.client.listener][AbstractSpringCloudRegistry.java:234] - The metadata of Dubbo service[key : com.huiminpay.user.api.AuthorizationService] still can't be found, it could effect the further Dubbo service invocation
[${project.name}][${env:SERVER_PORT}] 2023-11-26 09:04:09,475 INFO [com.alibaba.nacos.naming.client.listener][AbstractSpringCloudRegistry.java:213] - The Dubbo Service URL[ID : provider://192.168.70.136:20880/com.huiminpay.user.api.MenuService] is being subscribed for service[name : gateway-service]
[${project.name}][${env:SERVER_PORT}] 2023-11-26 09:04:09,475 INFO [com.alibaba.nacos.naming.client.listener][AbstractSpringCloudRegistry.java:223] - The metadata of Dubbo service[key : com.huiminpay.user.api.MenuService] can't be found when the subscribed service[name : gateway-service], and then try to initialize it
[${project.name}][${env:SERVER_PORT}] 2023-11-26 09:04:09,475 WARN [com.alibaba.nacos.naming.client.listener][AbstractSpringCloudRegistry.java:234] - The metadata of Dubbo service[key : com.huiminpay.user.api.MenuService] still can't be found, it could effect the further Dubbo service invocation
[${project.name}][${env:SERVER_PORT}] 2023-11-26 09:04:09,475 INFO [com.alibaba.nacos.naming.client.listener][AbstractSpringCloudRegistry.java:213] - The Dubbo Service URL[ID : provider://192.168.70.136:20880/com.huiminpay.user.api.ResourceService] is being subscribed for service[name : gateway-service]
[${project.name}][${env:SERVER_PORT}] 2023-11-26 09:04:09,475 INFO [com.alibaba.nacos.naming.client.listener][AbstractSpringCloudRegistry.java:223] - The metadata of Dubbo service[key : com.huiminpay.user.api.ResourceService] can't be found when the subscribed service[name : gateway-service], and then try to initialize it
[${project.name}][${env:SERVER_PORT}] 2023-11-26 09:04:09,475 WARN [com.alibaba.nacos.naming.client.listener][AbstractSpringCloudRegistry.java:234] - The metadata of Dubbo service[key : com.huiminpay.user.api.ResourceService] still can't be found, it could effect the further Dubbo service invocation
[${project.name}][${env:SERVER_PORT}] 2023-11-26 09:04:09,475 INFO [com.alibaba.nacos.naming.client.listener][AbstractSpringCloudRegistry.java:213] - The Dubbo Service URL[ID : provider://192.168.70.136:20880/com.huiminpay.user.api.TenantService] is being subscribed for service[name : gateway-service]
[${project.name}][${env:SERVER_PORT}] 2023-11-26 09:04:09,476 INFO [com.alibaba.nacos.naming.client.listener][AbstractSpringCloudRegistry.java:223] - The metadata of Dubbo service[key : com.huiminpay.user.api.TenantService] can't be found when the subscribed service[name : gateway-service], and then try to initialize it
[${project.name}][${env:SERVER_PORT}] 2023-11-26 09:04:09,476 WARN [com.alibaba.nacos.naming.client.listener][AbstractSpringCloudRegistry.java:234] - The metadata of Dubbo service[key : com.huiminpay.user.api.TenantService] still can't be found, it could effect the further Dubbo service invocation
[${project.name}][${env:SERVER_PORT}] 2023-11-26 09:04:09,587 INFO [RMI TCP Connection(2)-192.168.70.136][DirectJDKLog.java:173] - Initializing Spring DispatcherServlet 'dispatcherServlet'
[${project.name}][${env:SERVER_PORT}] 2023-11-26 09:04:09,587 INFO [RMI TCP Connection(2)-192.168.70.136][FrameworkServlet.java:524] - Initializing Servlet 'dispatcherServlet'
[${project.name}][${env:SERVER_PORT}] 2023-11-26 09:04:09,594 INFO [RMI TCP Connection(2)-192.168.70.136][FrameworkServlet.java:546] - Completed initialization in 7 ms
